android/app/build/intermediates/manifest_merge_blame_file/debug/manifest-merger-blame-debug-report.txt
1<?xml version="1.0" encoding="utf-8"?>
2<manifest xmlns:android="http://schemas.android.com/apk/res/android"
3    package="com.reactnativestarter"
4    android:versionCode="1"
5    android:versionName="1.0" >
6
7    <uses-sdk
8        android:minSdkVersion="21"
9        android:targetSdkVersion="34" />
10
11    <uses-permission android:name="android.permission.INTERNET" />
11-->src/main/AndroidManifest.xml:3:5-67
11-->src/main/AndroidManifest.xml:3:22-64
12    <!--
13         Required to keep CPU alive while downloading files
14        (NOT to keep screen awake)
15    -->
16    <uses-permission android:name="android.permission.WAKE_LOCK" />
16-->[:react-native-blob-util] AndroidManifest.xml:14:5-68
16-->[:react-native-blob-util] AndroidManifest.xml:14:22-65
17    <!--
18         Required to poll the state of the network connection
19        and respond to changes
20    -->
21    <uses-permission android:name="android.permission.ACCESS_NETWORK_STATE" /> <!-- Required to check whether Wi-Fi is enabled -->
21-->[:react-native-blob-util] AndroidManifest.xml:20:5-79
21-->[:react-native-blob-util] AndroidManifest.xml:20:22-76
22    <uses-permission android:name="android.permission.ACCESS_WIFI_STATE" /> <!-- Required to read and write the expansion files on shared storage -->
22-->[:react-native-blob-util] AndroidManifest.xml:23:5-76
22-->[:react-native-blob-util] AndroidManifest.xml:23:22-73
23    <uses-permission android:name="android.permission.WRITE_EXTERNAL_STORAGE" /> <!-- Required to read and write the expansion files on shared storage for Android 11 -->
23-->[:react-native-blob-util] AndroidManifest.xml:26:5-81
23-->[:react-native-blob-util] AndroidManifest.xml:26:22-78
24    <uses-permission android:name="android.permission.READ_EXTERNAL_STORAGE" /> <!-- Required to to download files without a notification -->
24-->[:react-native-blob-util] AndroidManifest.xml:29:5-80
24-->[:react-native-blob-util] AndroidManifest.xml:29:22-77
25    <uses-permission android:name="android.permission.DOWNLOAD_WITHOUT_NOTIFICATION" />
25-->[:react-native-blob-util] AndroidManifest.xml:32:5-88
25-->[:react-native-blob-util] AndroidManifest.xml:32:22-85
26    <!--
27    This manifest file is used only by Gradle to configure debug-only capabilities
28    for React Native Apps.
29    -->
30    <uses-permission android:name="android.permission.SYSTEM_ALERT_WINDOW" />
30-->[com.facebook.react:react-android:0.73.1] AndroidManifest.xml:16:5-78
30-->[com.facebook.react:react-android:0.73.1] AndroidManifest.xml:16:22-75
31
32    <permission
32-->[androidx.core:core:1.12.0] AndroidManifest.xml:22:5-24:47
33        android:name="com.reactnativestarter.DYNAMIC_RECEIVER_NOT_EXPORTED_PERMISSION"
33-->[androidx.core:core:1.12.0] AndroidManifest.xml:23:9-81
34        android:protectionLevel="signature" />
34-->[androidx.core:core:1.12.0] AndroidManifest.xml:24:9-44
35
36    <uses-permission android:name="com.reactnativestarter.DYNAMIC_RECEIVER_NOT_EXPORTED_PERMISSION" />
36-->[androidx.core:core:1.12.0] AndroidManifest.xml:26:5-97
36-->[androidx.core:core:1.12.0] AndroidManifest.xml:26:22-94
37
38    <application
38-->src/main/AndroidManifest.xml:5:5-23:19
39        android:name="com.reactnativestarter.MainApplication"
39-->src/main/AndroidManifest.xml:6:7-38
40        android:allowBackup="false"
40-->src/main/AndroidManifest.xml:10:7-34
41        android:appComponentFactory="androidx.core.app.CoreComponentFactory"
41-->[androidx.core:core:1.12.0] AndroidManifest.xml:28:18-86
42        android:debuggable="true"
43        android:extractNativeLibs="true"
44        android:icon="@mipmap/ic_launcher"
44-->src/main/AndroidManifest.xml:8:7-41
45        android:label="@string/app_name"
45-->src/main/AndroidManifest.xml:7:7-39
46        android:roundIcon="@mipmap/ic_launcher_round"
46-->src/main/AndroidManifest.xml:9:7-52
47        android:theme="@style/AppTheme"
47-->src/main/AndroidManifest.xml:11:7-38
48        android:usesCleartextTraffic="true" >
48-->src/debug/AndroidManifest.xml:6:9-44
49        <activity
49-->src/main/AndroidManifest.xml:12:7-22:18
50            android:name="com.reactnativestarter.MainActivity"
50-->src/main/AndroidManifest.xml:13:9-37
51            android:configChanges="keyboard|keyboardHidden|orientation|screenLayout|screenSize|smallestScreenSize|uiMode"
51-->src/main/AndroidManifest.xml:15:9-118
52            android:exported="true"
52-->src/main/AndroidManifest.xml:17:9-32
53            android:label="@string/app_name"
53-->src/main/AndroidManifest.xml:14:9-41
54            android:windowSoftInputMode="adjustResize" >
54-->src/main/AndroidManifest.xml:16:9-51
55            <intent-filter>
55-->src/main/AndroidManifest.xml:18:9-21:25
56                <action android:name="android.intent.action.MAIN" />
56-->src/main/AndroidManifest.xml:19:13-65
56-->src/main/AndroidManifest.xml:19:21-62
57
58                <category android:name="android.intent.category.LAUNCHER" />
58-->src/main/AndroidManifest.xml:20:13-73
58-->src/main/AndroidManifest.xml:20:23-70
59            </intent-filter>
60        </activity>
61
62        <provider
62-->[:react-native-blob-util] AndroidManifest.xml:35:9-43:20
63            android:name="com.ReactNativeBlobUtil.Utils.FileProvider"
63-->[:react-native-blob-util] AndroidManifest.xml:36:13-70
64            android:authorities="com.reactnativestarter.provider"
64-->[:react-native-blob-util] AndroidManifest.xml:37:13-60
65            android:exported="false"
65-->[:react-native-blob-util] AndroidManifest.xml:38:13-37
66            android:grantUriPermissions="true" >
66-->[:react-native-blob-util] AndroidManifest.xml:39:13-47
67            <meta-data
67-->[:react-native-blob-util] AndroidManifest.xml:40:13-42:58
68                android:name="android.support.FILE_PROVIDER_PATHS"
68-->[:react-native-blob-util] AndroidManifest.xml:41:17-67
69                android:resource="@xml/provider_paths" />
69-->[:react-native-blob-util] AndroidManifest.xml:42:17-55
70        </provider>
71        <provider
71-->[:react-native-image-picker] AndroidManifest.xml:8:9-16:20
72            android:name="com.imagepicker.ImagePickerProvider"
72-->[:react-native-image-picker] AndroidManifest.xml:9:13-63
73            android:authorities="com.reactnativestarter.imagepickerprovider"
73-->[:react-native-image-picker] AndroidManifest.xml:10:13-71
74            android:exported="false"
74-->[:react-native-image-picker] AndroidManifest.xml:11:13-37
75            android:grantUriPermissions="true" >
75-->[:react-native-image-picker] AndroidManifest.xml:12:13-47
76            <meta-data
76-->[:react-native-blob-util] AndroidManifest.xml:40:13-42:58
77                android:name="android.support.FILE_PROVIDER_PATHS"
77-->[:react-native-blob-util] AndroidManifest.xml:41:17-67
78                android:resource="@xml/imagepicker_provider_paths" />
78-->[:react-native-blob-util] AndroidManifest.xml:42:17-55
79        </provider>
80        <provider
80-->[:react-native-webview] AndroidManifest.xml:8:9-16:20
81            android:name="com.reactnativecommunity.webview.RNCWebViewFileProvider"
81-->[:react-native-webview] AndroidManifest.xml:9:13-83
82            android:authorities="com.reactnativestarter.fileprovider"
82-->[:react-native-webview] AndroidManifest.xml:10:13-64
83            android:exported="false"
83-->[:react-native-webview] AndroidManifest.xml:11:13-37
84            android:grantUriPermissions="true" >
84-->[:react-native-webview] AndroidManifest.xml:12:13-47
85            <meta-data
85-->[:react-native-blob-util] AndroidManifest.xml:40:13-42:58
86                android:name="android.support.FILE_PROVIDER_PATHS"
86-->[:react-native-blob-util] AndroidManifest.xml:41:17-67
87                android:resource="@xml/file_provider_paths" />
87-->[:react-native-blob-util] AndroidManifest.xml:42:17-55
88        </provider>
89
90        <activity
90-->[com.facebook.react:react-android:0.73.1] AndroidManifest.xml:19:9-21:40
91            android:name="com.facebook.react.devsupport.DevSettingsActivity"
91-->[com.facebook.react:react-android:0.73.1] AndroidManifest.xml:20:13-77
92            android:exported="false" />
92-->[com.facebook.react:react-android:0.73.1] AndroidManifest.xml:21:13-37
93
94        <meta-data
94-->[com.github.bumptech.glide:okhttp3-integration:4.12.0] AndroidManifest.xml:11:9-13:43
95            android:name="com.bumptech.glide.integration.okhttp3.OkHttpGlideModule"
95-->[com.github.bumptech.glide:okhttp3-integration:4.12.0] AndroidManifest.xml:12:13-84
96            android:value="GlideModule" />
96-->[com.github.bumptech.glide:okhttp3-integration:4.12.0] AndroidManifest.xml:13:13-40
97
98        <provider
98-->[androidx.emoji2:emoji2:1.2.0] AndroidManifest.xml:24:9-32:20
99            android:name="androidx.startup.InitializationProvider"
99-->[androidx.emoji2:emoji2:1.2.0] AndroidManifest.xml:25:13-67
100            android:authorities="com.reactnativestarter.androidx-startup"
100-->[androidx.emoji2:emoji2:1.2.0] AndroidManifest.xml:26:13-68
101            android:exported="false" >
101-->[androidx.emoji2:emoji2:1.2.0] AndroidManifest.xml:27:13-37
102            <meta-data
102-->[androidx.emoji2:emoji2:1.2.0] AndroidManifest.xml:29:13-31:52
103                android:name="androidx.emoji2.text.EmojiCompatInitializer"
103-->[androidx.emoji2:emoji2:1.2.0] AndroidManifest.xml:30:17-75
104                android:value="androidx.startup" />
104-->[androidx.emoji2:emoji2:1.2.0] AndroidManifest.xml:31:17-49
105            <meta-data
105-->[androidx.lifecycle:lifecycle-process:2.4.1] AndroidManifest.xml:31:13-33:52
106                android:name="androidx.lifecycle.ProcessLifecycleInitializer"
106-->[androidx.lifecycle:lifecycle-process:2.4.1] AndroidManifest.xml:32:17-78
107                android:value="androidx.startup" />
107-->[androidx.lifecycle:lifecycle-process:2.4.1] AndroidManifest.xml:33:17-49
108        </provider>
109
110        <meta-data
110-->[com.facebook.soloader:soloader:0.10.5] AndroidManifest.xml:12:9-14:37
111            android:name="com.facebook.soloader.enabled"
111-->[com.facebook.soloader:soloader:0.10.5] AndroidManifest.xml:13:13-57
112            android:value="false" />
112-->[com.facebook.soloader:soloader:0.10.5] AndroidManifest.xml:14:13-34
113    </application>
114
115</manifest>